<?xml version="1.0" encoding="UTF-8"?>
<testng-results ignored="0" total="5" passed="5" failed="0" skipped="0">
  <reporter-output>
  </reporter-output>
  <suite started-at="2021-10-26T14:01:18 IST" name="Default suite" finished-at="2021-10-26T14:01:18 IST" duration-ms="307">
    <groups>
    </groups>
    <test started-at="2021-10-26T14:01:18 IST" name="Default test" finished-at="2021-10-26T14:01:18 IST" duration-ms="307">
      <class name="com.testng.annotations.PriorityTest">
        <test-method signature="searchTable()[pri:0, instance:com.testng.annotations.PriorityTest@79ca92b9]" started-at="2021-10-26T14:01:18 IST" name="searchTable" finished-at="2021-10-26T14:01:18 IST" duration-ms="53" status="PASS">
          <reporter-output>
          </reporter-output>
        </test-method> <!-- searchTable -->
        <test-method signature="searchWatch()[pri:2, instance:com.testng.annotations.PriorityTest@79ca92b9]" started-at="2021-10-26T14:01:18 IST" name="searchWatch" finished-at="2021-10-26T14:01:18 IST" duration-ms="7" status="PASS">
          <reporter-output>
          </reporter-output>
        </test-method> <!-- searchWatch -->
        <test-method signature="searchMobile()[pri:3, instance:com.testng.annotations.PriorityTest@79ca92b9]" started-at="2021-10-26T14:01:18 IST" name="searchMobile" finished-at="2021-10-26T14:01:18 IST" duration-ms="4" status="PASS">
          <reporter-output>
          </reporter-output>
        </test-method> <!-- searchMobile -->
        <test-method signature="searchAirpods()[pri:4, instance:com.testng.annotations.PriorityTest@79ca92b9]" started-at="2021-10-26T14:01:18 IST" name="searchAirpods" finished-at="2021-10-26T14:01:18 IST" duration-ms="3" status="PASS">
          <reporter-output>
          </reporter-output>
        </test-method> <!-- searchAirpods -->
        <test-method signature="searchLaptop()[pri:5, instance:com.testng.annotations.PriorityTest@79ca92b9]" started-at="2021-10-26T14:01:18 IST" name="searchLaptop" finished-at="2021-10-26T14:01:18 IST" duration-ms="11" status="PASS">
          <reporter-output>
          </reporter-output>
        </test-method> <!-- searchLaptop -->
      </class> <!-- com.testng.annotations.PriorityTest -->
    </test> <!-- Default test -->
  </suite> <!-- Default suite -->
</testng-results>
